  client.cpp
C:\Users\MHJ\Desktop\github\ChatProject\Client\client.cpp(345,54): warning C4267: '인수': 'size_t'에서 'int'(으)로 변환하면서 데이터가 손실될 수 있습니다.
C:\Users\MHJ\Desktop\github\ChatProject\Client\client.cpp(391,50): warning C4267: '인수': 'size_t'에서 'int'(으)로 변환하면서 데이터가 손실될 수 있습니다.
C:\Users\MHJ\Desktop\github\ChatProject\Client\client.cpp(414,23): warning C4553: '==': 식의 결과가 사용되지 않습니다. '='을(를) 의도했습니까?
C:\Users\MHJ\Desktop\github\ChatProject\Client\client.cpp(438,50): warning C4267: '인수': 'size_t'에서 'int'(으)로 변환하면서 데이터가 손실될 수 있습니다.
C:\Users\MHJ\Desktop\github\ChatProject\Client\client.cpp(470,60): warning C4267: '인수': 'size_t'에서 'int'(으)로 변환하면서 데이터가 손실될 수 있습니다.
C:\Users\MHJ\Desktop\github\ChatProject\Client\client.cpp(528,54): warning C4267: '인수': 'size_t'에서 'int'(으)로 변환하면서 데이터가 손실될 수 있습니다.
C:\Users\MHJ\Desktop\github\ChatProject\Client\client.cpp(539,45): warning C4267: '인수': 'size_t'에서 'int'(으)로 변환하면서 데이터가 손실될 수 있습니다.
C:\Users\MHJ\Desktop\github\ChatProject\Client\client.cpp(585,70): warning C4267: '인수': 'size_t'에서 'int'(으)로 변환하면서 데이터가 손실될 수 있습니다.
C:\Users\MHJ\Desktop\github\ChatProject\Client\client.cpp(646,54): warning C4267: '인수': 'size_t'에서 'int'(으)로 변환하면서 데이터가 손실될 수 있습니다.
C:\Users\MHJ\Desktop\github\ChatProject\Client\client.cpp(731,54): warning C4267: '인수': 'size_t'에서 'int'(으)로 변환하면서 데이터가 손실될 수 있습니다.
C:\Users\MHJ\Desktop\github\ChatProject\Client\client.cpp(749,31): warning C4267: '초기화 중': 'size_t'에서 'int'(으)로 변환하면서 데이터가 손실될 수 있습니다.
C:\Users\MHJ\Desktop\github\ChatProject\Client\client.cpp(759,62): warning C4267: '인수': 'size_t'에서 'int'(으)로 변환하면서 데이터가 손실될 수 있습니다.
C:\Users\MHJ\Desktop\github\ChatProject\Client\client.cpp(763,58): warning C4267: '인수': 'size_t'에서 'int'(으)로 변환하면서 데이터가 손실될 수 있습니다.
C:\Users\MHJ\Desktop\github\ChatProject\Client\client.cpp(784,58): warning C4267: '인수': 'size_t'에서 'int'(으)로 변환하면서 데이터가 손실될 수 있습니다.
C:\Users\MHJ\Desktop\github\ChatProject\Client\client.cpp(809,76): warning C4267: '인수': 'size_t'에서 'int'(으)로 변환하면서 데이터가 손실될 수 있습니다.
C:\Users\MHJ\Desktop\github\ChatProject\Client\client.cpp(902,54): warning C4267: '인수': 'size_t'에서 'int'(으)로 변환하면서 데이터가 손실될 수 있습니다.
C:\Users\MHJ\Desktop\github\ChatProject\Client\client.cpp(929,54): warning C4267: '인수': 'size_t'에서 'int'(으)로 변환하면서 데이터가 손실될 수 있습니다.
C:\Users\MHJ\Desktop\github\ChatProject\Client\client.cpp(1026,54): warning C4267: '인수': 'size_t'에서 'int'(으)로 변환하면서 데이터가 손실될 수 있습니다.
  코드를 생성하고 있습니다.
  2 of 364 functions ( 0.5%) were compiled, the rest were copied from previous compilation.
    0 functions were new in current compilation
    15 functions had inline decision re-evaluated but remain unchanged
  코드를 생성했습니다.
  client.vcxproj -> C:\Users\MHJ\Desktop\github\ChatProject\x64\Release\client.exe
