  client.cpp
C:\Users\MHJ\Desktop\github\ChatProject\Client\client.cpp(364,54): warning C4267: '인수': 'size_t'에서 'int'(으)로 변환하면서 데이터가 손실될 수 있습니다.
C:\Users\MHJ\Desktop\github\ChatProject\Client\client.cpp(405,50): warning C4267: '인수': 'size_t'에서 'int'(으)로 변환하면서 데이터가 손실될 수 있습니다.
C:\Users\MHJ\Desktop\github\ChatProject\Client\client.cpp(422,45): warning C4267: '인수': 'size_t'에서 'int'(으)로 변환하면서 데이터가 손실될 수 있습니다.
C:\Users\MHJ\Desktop\github\ChatProject\Client\client.cpp(460,50): warning C4267: '인수': 'size_t'에서 'int'(으)로 변환하면서 데이터가 손실될 수 있습니다.
C:\Users\MHJ\Desktop\github\ChatProject\Client\client.cpp(472,45): warning C4267: '인수': 'size_t'에서 'int'(으)로 변환하면서 데이터가 손실될 수 있습니다.
C:\Users\MHJ\Desktop\github\ChatProject\Client\client.cpp(508,60): warning C4267: '인수': 'size_t'에서 'int'(으)로 변환하면서 데이터가 손실될 수 있습니다.
C:\Users\MHJ\Desktop\github\ChatProject\Client\client.cpp(558,54): warning C4267: '인수': 'size_t'에서 'int'(으)로 변환하면서 데이터가 손실될 수 있습니다.
C:\Users\MHJ\Desktop\github\ChatProject\Client\client.cpp(569,45): warning C4267: '인수': 'size_t'에서 'int'(으)로 변환하면서 데이터가 손실될 수 있습니다.
C:\Users\MHJ\Desktop\github\ChatProject\Client\client.cpp(613,70): warning C4267: '인수': 'size_t'에서 'int'(으)로 변환하면서 데이터가 손실될 수 있습니다.
C:\Users\MHJ\Desktop\github\ChatProject\Client\client.cpp(674,54): warning C4267: '인수': 'size_t'에서 'int'(으)로 변환하면서 데이터가 손실될 수 있습니다.
C:\Users\MHJ\Desktop\github\ChatProject\Client\client.cpp(751,54): warning C4267: '인수': 'size_t'에서 'int'(으)로 변환하면서 데이터가 손실될 수 있습니다.
C:\Users\MHJ\Desktop\github\ChatProject\Client\client.cpp(772,58): warning C4267: '인수': 'size_t'에서 'int'(으)로 변환하면서 데이터가 손실될 수 있습니다.
C:\Users\MHJ\Desktop\github\ChatProject\Client\client.cpp(790,58): warning C4267: '인수': 'size_t'에서 'int'(으)로 변환하면서 데이터가 손실될 수 있습니다.
C:\Users\MHJ\Desktop\github\ChatProject\Client\client.cpp(799,76): warning C4267: '인수': 'size_t'에서 'int'(으)로 변환하면서 데이터가 손실될 수 있습니다.
C:\Users\MHJ\Desktop\github\ChatProject\Client\client.cpp(903,54): warning C4267: '인수': 'size_t'에서 'int'(으)로 변환하면서 데이터가 손실될 수 있습니다.
C:\Users\MHJ\Desktop\github\ChatProject\Client\client.cpp(912,54): warning C4267: '인수': 'size_t'에서 'int'(으)로 변환하면서 데이터가 손실될 수 있습니다.
C:\Users\MHJ\Desktop\github\ChatProject\Client\client.cpp(1016,54): warning C4267: '인수': 'size_t'에서 'int'(으)로 변환하면서 데이터가 손실될 수 있습니다.
  코드를 생성하고 있습니다.
  0 of 348 functions ( 0.0%) were compiled, the rest were copied from previous compilation.
    0 functions were new in current compilation
    0 functions had inline decision re-evaluated but remain unchanged
  코드를 생성했습니다.
  client.vcxproj -> C:\Users\MHJ\Desktop\github\ChatProject\x64\Release\client.exe
